{
  "stats": {
    "suites": 0,
    "tests": 1,
    "passes": 1,
    "pending": 0,
    "failures": 0,
    "start": "2022-08-08T20:30:37.421Z",
    "end": "2022-08-08T20:30:41.861Z",
    "duration": 4440,
    "testsRegistered": 1,
    "passPercent": 100,
    "pendingPercent": 0,
    "other": 0,
    "hasOther": false,
    "skipped": 0,
    "hasSkipped": false
  },
  "results": [
    {
      "uuid": "4f7b1a1d-46a7-4cec-8786-dd59ee748bc4",
      "title": "",
      "fullFile": "cypress/integration/firstTest.spec.js",
      "file": "cypress/integration/firstTest.spec.js",
      "beforeHooks": [],
      "afterHooks": [],
      "tests": [
        {
          "title": "then and wrap methods",
          "fullTitle": "then and wrap methods",
          "timedOut": null,
          "duration": 4366,
          "state": "passed",
          "speed": "fast",
          "pass": true,
          "fail": false,
          "pending": false,
          "context": null,
          "code": "cy.visit('/');\ncy.contains('Forms').click();\ncy.contains('Form Layouts').click({\n  force: true\n});\ncy.contains('nb-card', 'Using the Grid').find('[for=\"inputEmail1\"]').should('contain', 'Email');\ncy.contains('nb-card', 'Using the Grid').find('[for=\"inputPassword2\"]').should('contain', 'Password');",
          "err": {},
          "uuid": "5efd0462-1415-490b-8fc0-100a1ae1f822",
          "parentUUID": "4f7b1a1d-46a7-4cec-8786-dd59ee748bc4",
          "isHook": false,
          "skipped": false
        }
      ],
      "suites": [],
      "passes": [
        "5efd0462-1415-490b-8fc0-100a1ae1f822"
      ],
      "failures": [],
      "pending": [],
      "skipped": [],
      "duration": 4366,
      "root": true,
      "rootEmpty": false,
      "_timeout": 2000
    }
  ],
  "meta": {
    "mocha": {
      "version": "7.0.1"
    },
    "mochawesome": {
      "options": {
        "quiet": false,
        "reportFilename": "mochawesome",
        "saveHtml": false,
        "saveJson": true,
        "consoleReporter": "spec",
        "useInlineDiffs": false,
        "code": true
      },
      "version": "7.1.3"
    },
    "marge": {
      "options": {
        "id": "default",
        "reportDir": "cypress/results/mochawesome",
        "overwrite": false,
        "html": false,
        "json": true
      },
      "version": "6.2.0"
    }
  }
}