{
  "stats": {
    "suites": 1,
    "tests": 1,
    "passes": 1,
    "pending": 0,
    "failures": 0,
    "start": "2022-06-24T12:59:17.259Z",
    "end": "2022-06-24T12:59:26.062Z",
    "duration": 8803,
    "testsRegistered": 1,
    "passPercent": 100,
    "pendingPercent": 0,
    "other": 0,
    "hasOther": false,
    "skipped": 0,
    "hasSkipped": false
  },
  "results": [
    {
      "uuid": "280ecc83-b150-46d0-a8f4-3c8dd7c5ee87",
      "title": "",
      "fullFile": "cypress/integration/firstTest.spec.js",
      "file": "cypress/integration/firstTest.spec.js",
      "beforeHooks": [],
      "afterHooks": [],
      "tests": [],
      "suites": [
        {
          "uuid": "429e28c4-2a63-4166-a927-37ac4f5ec797",
          "title": "Our fisrt suite",
          "fullFile": "",
          "file": "",
          "beforeHooks": [],
          "afterHooks": [],
          "tests": [
            {
              "title": "first test",
              "fullTitle": "Our fisrt suite first test",
              "timedOut": null,
              "duration": 8544,
              "state": "passed",
              "speed": "medium",
              "pass": true,
              "fail": false,
              "pending": false,
              "context": null,
              "code": "cy.visit('/');\ncy.contains('Aufenthaltserlaubnis').click();\ncy.get('[type=\"checkbox\"]').check({\n  force: true\n});\ncy.get('[id=\"buttonNext\"]').click(); //by Tag Name\n//cy.get('input')\n//by ID\ncy.get('#Vorname').type(\"Ievgeniia\");\ncy.get('#Nachname').type(\"Mykhailenko\");\ncy.get('#EMail').type(\"myewgeniya@gmail.com\");\ncy.get('[id=\"buttonNext\"]').click(); //by Class name\n//cy.get('. form-control')\n//by attribute name\n//cy.get('[data-val-required]')\n//by attribute name and value\n//cy.get('[data-val-required=\"Das Feld muss ausgefüllt werden.\"]')\ncy.get('#DienstleistungGruppen_1__Dienstleistungen_0__Anzahl').select('1');\ncy.get('#buttonNext').click();\ncy.get('#KeineTermineGefundenAlert').then(block => {\n  expect(block).to.exist;\n});\ncy.get('#KeineTermineGefundenAlert').should('contain', 'Leider wurde für Ihre Auswahl kein freier Termin gefunden.'); //by Class value\n//cy.get('[class=\" form-control\"]')\n//by Tag Name and Attribute with value\n//cy.get('input[data-val-required=\"Das Feld muss ausgefüllt werden.\"]')\n//by Two different attributes\n//cy.get('[data-val-required=\"Das Feld muss ausgefüllt werden.\"][data-type=\"TextBox\"]')\n//by Tag Name, Attribute with value, ID and Class name\n//cy.get('input[data-val-required=\"Das Feld muss ausgefüllt werden.\"]#Vorname. form-control')\n//the most recommended way by Cypress\n//cy.get('[data-cy=\"inputVorname\"]')",
              "err": {},
              "uuid": "46e1f8a9-ae1e-4a79-9ba2-e8f360597c6b",
              "parentUUID": "429e28c4-2a63-4166-a927-37ac4f5ec797",
              "isHook": false,
              "skipped": false
            }
          ],
          "suites": [],
          "passes": [
            "46e1f8a9-ae1e-4a79-9ba2-e8f360597c6b"
          ],
          "failures": [],
          "pending": [],
          "skipped": [],
          "duration": 8544,
          "root": false,
          "rootEmpty": false,
          "_timeout": 2000
        }
      ],
      "passes": [],
      "failures": [],
      "pending": [],
      "skipped": [],
      "duration": 0,
      "root": true,
      "rootEmpty": true,
      "_timeout": 2000
    }
  ],
  "meta": {
    "mocha": {
      "version": "7.0.1"
    },
    "mochawesome": {
      "options": {
        "quiet": false,
        "reportFilename": "mochawesome",
        "saveHtml": false,
        "saveJson": true,
        "consoleReporter": "spec",
        "useInlineDiffs": false,
        "code": true
      },
      "version": "7.1.3"
    },
    "marge": {
      "options": {
        "id": "default",
        "reportDir": "cypress/results/mochawesome",
        "overwrite": false,
        "html": false,
        "json": true
      },
      "version": "6.2.0"
    }
  }
}