{
  "stats": {
    "suites": 0,
    "tests": 1,
    "passes": 0,
    "pending": 0,
    "failures": 1,
    "start": "2022-08-08T21:34:03.642Z",
    "end": "2022-08-08T21:34:13.123Z",
    "duration": 9481,
    "testsRegistered": 1,
    "passPercent": 0,
    "pendingPercent": 0,
    "other": 0,
    "hasOther": false,
    "skipped": 0,
    "hasSkipped": false
  },
  "results": [
    {
      "uuid": "55a4bfa7-bb78-4b11-8ded-a221481848dc",
      "title": "",
      "fullFile": "cypress/integration/firstTest.spec.js",
      "file": "cypress/integration/firstTest.spec.js",
      "beforeHooks": [],
      "afterHooks": [],
      "tests": [
        {
          "title": "then and wrap methods",
          "fullTitle": "then and wrap methods",
          "timedOut": null,
          "duration": 9248,
          "state": "failed",
          "speed": null,
          "pass": false,
          "fail": true,
          "pending": false,
          "context": null,
          "code": "cy.visit('/');\ncy.contains('Forms').click();\ncy.contains('Form Layouts').click({\n  force: true\n}); // cy.contains('nb-card', 'Using the Grid').find('[for=\"inputEmail1\"]').should('contain', 'Email')\n// cy.contains('nb-card', 'Using the Grid').find('[for=\"inputPassword2\"]').should('contain', 'Password')\n// cy.contains('nb-card', 'Basic form').find('[for=\"exampleInputEmail1\"]').should('contain', 'Email address')\n// cy.contains('nb-card', 'Basic form').find('[for=\"exampleInputPassword1\"]').should('contain', 'Password')\ncy.contains('nb-card', 'Basic form').then(firstForm => {\n  const emailLabelFirst = firstForm.find('[for=\"inputEmail1\"]').text();\n  const passwordLabelFirst = firstForm.find('[for=\"inputPassword2\"]').text();\n  expect(emailLabelFirst).to.equal('Email');\n  expect(passwordLabelFirst).to.equal('Password');\n  cy.contains('nb-card', 'Basic form').then(secondForm => {\n    const passwordSecondText = secondForm.find('[for=\"exampleInputPassword1\"]').text();\n    expect(passwordLabelFirst).to.equal(passwordSecondText);\n  });\n});",
          "err": {
            "message": "AssertionError: expected '' to equal 'Email'",
            "estack": "AssertionError: expected '' to equal 'Email'\n    at Context.eval (http://localhost:4200/__cypress/tests?p=cypress/integration/firstTest.spec.js:163:32)",
            "diff": "+ 'Email'\n"
          },
          "uuid": "d19b6803-0ac7-4ff6-9446-7a54904bed2c",
          "parentUUID": "55a4bfa7-bb78-4b11-8ded-a221481848dc",
          "isHook": false,
          "skipped": false
        }
      ],
      "suites": [],
      "passes": [],
      "failures": [
        "d19b6803-0ac7-4ff6-9446-7a54904bed2c"
      ],
      "pending": [],
      "skipped": [],
      "duration": 9248,
      "root": true,
      "rootEmpty": false,
      "_timeout": 2000
    }
  ],
  "meta": {
    "mocha": {
      "version": "7.0.1"
    },
    "mochawesome": {
      "options": {
        "quiet": false,
        "reportFilename": "mochawesome",
        "saveHtml": false,
        "saveJson": true,
        "consoleReporter": "spec",
        "useInlineDiffs": false,
        "code": true
      },
      "version": "7.1.3"
    },
    "marge": {
      "options": {
        "id": "default",
        "reportDir": "cypress/results/mochawesome",
        "overwrite": false,
        "html": false,
        "json": true
      },
      "version": "6.2.0"
    }
  }
}