{
  "stats": {
    "suites": 0,
    "tests": 1,
    "passes": 0,
    "pending": 0,
    "failures": 1,
    "start": "2022-08-08T20:57:54.362Z",
    "end": "2022-08-08T20:57:54.891Z",
    "duration": 529,
    "testsRegistered": 1,
    "passPercent": 0,
    "pendingPercent": 0,
    "other": 0,
    "hasOther": false,
    "skipped": 0,
    "hasSkipped": false
  },
  "results": [
    {
      "uuid": "2e7d2bae-bf1f-4b35-b3e6-7e520198e2f5",
      "title": "",
      "fullFile": "cypress/integration/firstTest.spec.js",
      "file": "cypress/integration/firstTest.spec.js",
      "beforeHooks": [],
      "afterHooks": [],
      "tests": [
        {
          "title": "then and wrap methods",
          "fullTitle": "then and wrap methods",
          "timedOut": null,
          "duration": 364,
          "state": "failed",
          "speed": null,
          "pass": false,
          "fail": true,
          "pending": false,
          "context": null,
          "code": "cy.visit('/');\ncy.contains('Forms').click();\ncy.contains('Form Layouts').click({\n  force: true\n});\ncy.contains('nb-card', 'Using the Grid').find('[for=\"inputEmail1\"]').should('contain', 'Email');\ncy.contains('nb-card', 'Using the Grid').find('[for=\"inputPassword2\"]').should('contain', 'Password');\ncy.contains('nb-card', 'Basic form'.find('[id=\"exampleInputEmail1\"]')).should('contain', 'Email');\ncy.contains('nb-card', 'Basic form'.find('[id=\"exampleInputPassword1\"]')).should('contain', 'Password');",
          "err": {
            "message": "TypeError: \"Basic form\".find is not a function",
            "estack": "TypeError: \"Basic form\".find is not a function\n    at Context.eval (http://localhost:4200/__cypress/tests?p=cypress/integration/firstTest.spec.js:158:39)",
            "diff": null
          },
          "uuid": "ffab0e31-0be4-4137-9ce6-0ccf0400d86d",
          "parentUUID": "2e7d2bae-bf1f-4b35-b3e6-7e520198e2f5",
          "isHook": false,
          "skipped": false
        }
      ],
      "suites": [],
      "passes": [],
      "failures": [
        "ffab0e31-0be4-4137-9ce6-0ccf0400d86d"
      ],
      "pending": [],
      "skipped": [],
      "duration": 364,
      "root": true,
      "rootEmpty": false,
      "_timeout": 2000
    }
  ],
  "meta": {
    "mocha": {
      "version": "7.0.1"
    },
    "mochawesome": {
      "options": {
        "quiet": false,
        "reportFilename": "mochawesome",
        "saveHtml": false,
        "saveJson": true,
        "consoleReporter": "spec",
        "useInlineDiffs": false,
        "code": true
      },
      "version": "7.1.3"
    },
    "marge": {
      "options": {
        "id": "default",
        "reportDir": "cypress/results/mochawesome",
        "overwrite": false,
        "html": false,
        "json": true
      },
      "version": "6.2.0"
    }
  }
}