{
  "stats": {
    "suites": 0,
    "tests": 1,
    "passes": 0,
    "pending": 0,
    "failures": 1,
    "start": "2022-08-08T21:01:45.711Z",
    "end": "2022-08-08T21:02:23.238Z",
    "duration": 37527,
    "testsRegistered": 1,
    "passPercent": 0,
    "pendingPercent": 0,
    "other": 0,
    "hasOther": false,
    "skipped": 0,
    "hasSkipped": false
  },
  "results": [
    {
      "uuid": "b85db3c9-95a9-48d0-8708-4e6dbbf731f6",
      "title": "",
      "fullFile": "cypress/integration/firstTest.spec.js",
      "file": "cypress/integration/firstTest.spec.js",
      "beforeHooks": [],
      "afterHooks": [],
      "tests": [
        {
          "title": "then and wrap methods",
          "fullTitle": "then and wrap methods",
          "timedOut": null,
          "duration": 36738,
          "state": "failed",
          "speed": null,
          "pass": false,
          "fail": true,
          "pending": false,
          "context": null,
          "code": "cy.visit('/');\ncy.contains('Forms').click();\ncy.contains('Form Layouts').click({\n  force: true\n});\ncy.contains('nb-card', 'Using the Grid').find('[for=\"inputEmail1\"]').should('contain', 'Email');\ncy.contains('nb-card', 'Using the Grid').find('[for=\"inputPassword2\"]').should('contain', 'Password');\ncy.contains('nb-card', 'Basic form').find('[id=\"exampleInputEmail1\"]').should('contain', 'Email');\ncy.contains('nb-card', 'Basic form').find('[id=\"exampleInputPassword1\"]').should('contain', 'Password');",
          "err": {
            "message": "AssertionError: Timed out retrying after 4000ms: expected '<input#exampleInputEmail1.input-full-width.size-medium.shape-rectangle>' to contain 'Email'",
            "estack": "AssertionError: Timed out retrying after 4000ms: expected '<input#exampleInputEmail1.input-full-width.size-medium.shape-rectangle>' to contain 'Email'\n    at Context.eval (http://localhost:4200/__cypress/tests?p=cypress/integration/firstTest.spec.js:158:74)",
            "diff": null
          },
          "uuid": "91a3d50d-dab5-4c83-a56f-eddc028411c0",
          "parentUUID": "b85db3c9-95a9-48d0-8708-4e6dbbf731f6",
          "isHook": false,
          "skipped": false
        }
      ],
      "suites": [],
      "passes": [],
      "failures": [
        "91a3d50d-dab5-4c83-a56f-eddc028411c0"
      ],
      "pending": [],
      "skipped": [],
      "duration": 36738,
      "root": true,
      "rootEmpty": false,
      "_timeout": 2000
    }
  ],
  "meta": {
    "mocha": {
      "version": "7.0.1"
    },
    "mochawesome": {
      "options": {
        "quiet": false,
        "reportFilename": "mochawesome",
        "saveHtml": false,
        "saveJson": true,
        "consoleReporter": "spec",
        "useInlineDiffs": false,
        "code": true
      },
      "version": "7.1.3"
    },
    "marge": {
      "options": {
        "id": "default",
        "reportDir": "cypress/results/mochawesome",
        "overwrite": false,
        "html": false,
        "json": true
      },
      "version": "6.2.0"
    }
  }
}