{
  "stats": {
    "suites": 0,
    "tests": 1,
    "passes": 1,
    "pending": 0,
    "failures": 0,
    "start": "2022-08-09T14:30:54.027Z",
    "end": "2022-08-09T14:30:58.905Z",
    "duration": 4878,
    "testsRegistered": 1,
    "passPercent": 100,
    "pendingPercent": 0,
    "other": 0,
    "hasOther": false,
    "skipped": 0,
    "hasSkipped": false
  },
  "results": [
    {
      "uuid": "98dffe55-779f-4327-9d57-0c138da3d9d8",
      "title": "",
      "fullFile": "cypress/integration/firstTest.spec.js",
      "file": "cypress/integration/firstTest.spec.js",
      "beforeHooks": [],
      "afterHooks": [],
      "tests": [
        {
          "title": "then and wrap methods",
          "fullTitle": "then and wrap methods",
          "timedOut": null,
          "duration": 4805,
          "state": "passed",
          "speed": "fast",
          "pass": true,
          "fail": false,
          "pending": false,
          "context": null,
          "code": "cy.visit('/');\ncy.contains('Forms').click();\ncy.contains('Form Layouts').click({\n  force: true\n}); // cy.contains('nb-card', 'Using the Grid').find('[for=\"inputEmail1\"]').should('contain', 'Email')\n// cy.contains('nb-card', 'Using the Grid').find('[for=\"inputPassword2\"]').should('contain', 'Password')\n// cy.contains('nb-card', 'Basic form').find('[for=\"exampleInputEmail1\"]').should('contain', 'Email address')\n// cy.contains('nb-card', 'Basic form').find('[for=\"exampleInputPassword1\"]').should('contain', 'Password')\ncy.contains('nb-card', 'Using the Grid').then(firstForm => {\n  const emailLabelFirst = firstForm.find('[for=\"inputEmail1\"]').text();\n  const passwordLabelFirst = firstForm.find('[for=\"inputPassword2\"]').text();\n  expect(emailLabelFirst).to.equal('Email');\n  expect(passwordLabelFirst).to.equal('Password');\n  cy.contains('nb-card', 'Basic form').then(secondForm => {\n    const passwordSecondText = secondForm.find('[for=\"exampleInputPassword1\"]').text();\n    expect(passwordLabelFirst).to.equal(passwordSecondText);\n  });\n});",
          "err": {},
          "uuid": "82c0227a-4083-4eef-928e-aa79ccccf952",
          "parentUUID": "98dffe55-779f-4327-9d57-0c138da3d9d8",
          "isHook": false,
          "skipped": false
        }
      ],
      "suites": [],
      "passes": [
        "82c0227a-4083-4eef-928e-aa79ccccf952"
      ],
      "failures": [],
      "pending": [],
      "skipped": [],
      "duration": 4805,
      "root": true,
      "rootEmpty": false,
      "_timeout": 2000
    }
  ],
  "meta": {
    "mocha": {
      "version": "7.0.1"
    },
    "mochawesome": {
      "options": {
        "quiet": false,
        "reportFilename": "mochawesome",
        "saveHtml": false,
        "saveJson": true,
        "consoleReporter": "spec",
        "useInlineDiffs": false,
        "code": true
      },
      "version": "7.1.3"
    },
    "marge": {
      "options": {
        "id": "default",
        "reportDir": "cypress/results/mochawesome",
        "overwrite": false,
        "html": false,
        "json": true
      },
      "version": "6.2.0"
    }
  }
}