{
  "stats": {
    "suites": 0,
    "tests": 1,
    "passes": 1,
    "pending": 0,
    "failures": 0,
    "start": "2022-06-24T22:17:15.883Z",
    "end": "2022-06-24T22:17:20.630Z",
    "duration": 4747,
    "testsRegistered": 1,
    "passPercent": 100,
    "pendingPercent": 0,
    "other": 0,
    "hasOther": false,
    "skipped": 0,
    "hasSkipped": false
  },
  "results": [
    {
      "uuid": "ceee0856-641b-4ea1-9111-7f8b7c1b6653",
      "title": "",
      "fullFile": "cypress/integration/firstTest.spec.js",
      "file": "cypress/integration/firstTest.spec.js",
      "beforeHooks": [],
      "afterHooks": [],
      "tests": [
        {
          "title": "second test",
          "fullTitle": "second test",
          "timedOut": null,
          "duration": 4713,
          "state": "passed",
          "speed": "fast",
          "pass": true,
          "fail": false,
          "pending": false,
          "context": null,
          "code": "cy.visit('/');\ncy.contains('Forms').click();\ncy.contains('Form Layouts').click({\n  force: true\n});\ncy.get('[data-cy=\"signInbutton\"]');\ncy.contains('Sign in');",
          "err": {},
          "uuid": "29d1868f-6a11-42a5-b11a-d39e4fc41b6a",
          "parentUUID": "ceee0856-641b-4ea1-9111-7f8b7c1b6653",
          "isHook": false,
          "skipped": false
        }
      ],
      "suites": [],
      "passes": [
        "29d1868f-6a11-42a5-b11a-d39e4fc41b6a"
      ],
      "failures": [],
      "pending": [],
      "skipped": [],
      "duration": 4713,
      "root": true,
      "rootEmpty": false,
      "_timeout": 2000
    }
  ],
  "meta": {
    "mocha": {
      "version": "7.0.1"
    },
    "mochawesome": {
      "options": {
        "quiet": false,
        "reportFilename": "mochawesome",
        "saveHtml": false,
        "saveJson": true,
        "consoleReporter": "spec",
        "useInlineDiffs": false,
        "code": true
      },
      "version": "7.1.3"
    },
    "marge": {
      "options": {
        "id": "default",
        "reportDir": "cypress/results/mochawesome",
        "overwrite": false,
        "html": false,
        "json": true
      },
      "version": "6.2.0"
    }
  }
}