<?xml version="1.0" encoding="UTF-8"?>
<testsuites name="Mocha Tests" time="3.4410" tests="3" failures="0">
  <testsuite name="Root Suite" timestamp="2022-06-24T12:57:44" tests="0" file="cypress/integration/2-advanced-examples/location.spec.js" time="0.0000" failures="0">
  </testsuite>
  <testsuite name="Location" timestamp="2022-06-24T12:57:45" tests="3" time="3.3850" failures="0">
    <testcase name="Location cy.hash() - get the current URL hash" time="0.5450" classname="cy.hash() - get the current URL hash">
    </testcase>
    <testcase name="Location cy.location() - get window.location" time="0.3380" classname="cy.location() - get window.location">
    </testcase>
    <testcase name="Location cy.url() - get the current URL" time="0.2350" classname="cy.url() - get the current URL">
    </testcase>
  </testsuite>
</testsuites>