<?xml version="1.0" encoding="UTF-8"?>
<testsuites name="Mocha Tests" time="12.4160" tests="12" failures="1">
  <testsuite name="Root Suite" timestamp="2022-06-01T08:44:04" tests="0" file="cypress/integration/2-advanced-examples/cypress_api.spec.js" time="0.0000" failures="0">
  </testsuite>
  <testsuite name="Cypress.Commands" timestamp="2022-06-01T08:44:04" tests="1" time="3.6720" failures="0">
    <testcase name="Cypress.Commands .add() - create a custom command" time="1.1520" classname=".add() - create a custom command">
    </testcase>
  </testsuite>
  <testsuite name="Cypress.Cookies" timestamp="2022-06-01T08:44:08" tests="3" time="1.8550" failures="0">
    <testcase name="Cypress.Cookies .debug() - enable or disable debugging" time="0.9670" classname=".debug() - enable or disable debugging">
    </testcase>
    <testcase name="Cypress.Cookies .preserveOnce() - preserve cookies by key" time="0.5930" classname=".preserveOnce() - preserve cookies by key">
    </testcase>
    <testcase name="Cypress.Cookies .defaults() - set defaults for all cookies" time="0.3200" classname=".defaults() - set defaults for all cookies">
    </testcase>
  </testsuite>
  <testsuite name="Cypress.arch" timestamp="2022-06-01T08:44:10" tests="1" time="0.4010" failures="0">
    <testcase name="Cypress.arch Get CPU architecture name of underlying OS" time="0.3160" classname="Get CPU architecture name of underlying OS">
    </testcase>
  </testsuite>
  <testsuite name="Cypress.config()" timestamp="2022-06-01T08:44:10" tests="1" time="2.0590" failures="1">
    <testcase name="Cypress.config() Get and set configuration options" time="0.0000" classname="Get and set configuration options">
      <failure message="expected { Object (baseUrl, ignoreTestFiles, ...) } to have property &apos;baseUrl&apos; of null, but got &apos;https://serviceportal.hamburg.de/HamburgGateway/FVP/FV/Bezirke/DigiTermin/&apos;" type="AssertionError"><![CDATA[AssertionError: expected { Object (baseUrl, ignoreTestFiles, ...) } to have property 'baseUrl' of null, but got 'https://serviceportal.hamburg.de/HamburgGateway/FVP/FV/Bezirke/DigiTermin/'
    at Context.eval (https://example.cypress.io/__cypress/tests?p=cypress/integration/2-advanced-examples/cypress_api.spec.js:172:30)]]></failure>
    </testcase>
  </testsuite>
  <testsuite name="Cypress.dom" timestamp="2022-06-01T08:44:12" tests="1" time="1.4840" failures="0">
    <testcase name="Cypress.dom .isHidden() - determine if a DOM element is hidden" time="1.1210" classname=".isHidden() - determine if a DOM element is hidden">
    </testcase>
  </testsuite>
  <testsuite name="Cypress.env()" timestamp="2022-06-01T08:44:14" tests="1" time="0.5010" failures="0">
    <testcase name="Cypress.env() Get environment variables" time="0.5880" classname="Get environment variables">
    </testcase>
  </testsuite>
  <testsuite name="Cypress.log" timestamp="2022-06-01T08:44:14" tests="1" time="0.6790" failures="0">
    <testcase name="Cypress.log Control what is printed to the Command Log" time="0.5850" classname="Control what is printed to the Command Log">
    </testcase>
  </testsuite>
  <testsuite name="Cypress.platform" timestamp="2022-06-01T08:44:15" tests="1" time="0.5540" failures="0">
    <testcase name="Cypress.platform Get underlying OS name" time="0.4980" classname="Get underlying OS name">
    </testcase>
  </testsuite>
  <testsuite name="Cypress.version" timestamp="2022-06-01T08:44:16" tests="1" time="0.6200" failures="0">
    <testcase name="Cypress.version Get current version of Cypress being run" time="0.5130" classname="Get current version of Cypress being run">
    </testcase>
  </testsuite>
  <testsuite name="Cypress.spec" timestamp="2022-06-01T08:44:16" tests="1" time="0.4680" failures="0">
    <testcase name="Cypress.spec Get current spec information" time="0.5850" classname="Get current spec information">
    </testcase>
  </testsuite>
</testsuites>