<?xml version="1.0" encoding="UTF-8"?>
<testsuites name="Mocha Tests" time="8.8030" tests="1" failures="0">
  <testsuite name="Root Suite" timestamp="2022-06-24T12:59:17" tests="0" file="cypress/integration/firstTest.spec.js" time="0.0000" failures="0">
  </testsuite>
  <testsuite name="Our fisrt suite" timestamp="2022-06-24T12:59:17" tests="1" time="8.7780" failures="0">
    <testcase name="Our fisrt suite first test" time="8.5440" classname="first test">
    </testcase>
  </testsuite>
</testsuites>