<?xml version="1.0" encoding="UTF-8"?>
<testsuites name="Mocha Tests" time="4.5600" tests="1" failures="0">
  <testsuite name="Root Suite" timestamp="2022-06-24T12:58:56" tests="0" file="cypress/integration/2-advanced-examples/viewport.spec.js" time="0.0000" failures="0">
  </testsuite>
  <testsuite name="Viewport" timestamp="2022-06-24T12:58:56" tests="1" time="4.5340" failures="0">
    <testcase name="Viewport cy.viewport() - set the viewport size and dimension" time="3.1960" classname="cy.viewport() - set the viewport size and dimension">
    </testcase>
  </testsuite>
</testsuites>