<?xml version="1.0" encoding="UTF-8"?>
<testsuites name="Mocha Tests" time="8.5630" tests="7" failures="0">
  <testsuite name="Root Suite" timestamp="2022-06-01T08:45:55" tests="0" file="cypress/integration/2-advanced-examples/spies_stubs_clocks.spec.js" time="0.0000" failures="0">
  </testsuite>
  <testsuite name="Spies, Stubs, and Clock" timestamp="2022-06-01T08:45:55" tests="7" time="8.4840" failures="0">
    <testcase name="Spies, Stubs, and Clock cy.spy() - wrap a method in a spy" time="0.6070" classname="cy.spy() - wrap a method in a spy">
    </testcase>
    <testcase name="Spies, Stubs, and Clock cy.spy() retries until assertions pass" time="2.5560" classname="cy.spy() retries until assertions pass">
    </testcase>
    <testcase name="Spies, Stubs, and Clock cy.stub() - create a stub and/or replace a function with stub" time="0.5010" classname="cy.stub() - create a stub and/or replace a function with stub">
    </testcase>
    <testcase name="Spies, Stubs, and Clock cy.clock() - control time in the browser" time="0.9450" classname="cy.clock() - control time in the browser">
    </testcase>
    <testcase name="Spies, Stubs, and Clock cy.tick() - move time in the browser" time="1.7350" classname="cy.tick() - move time in the browser">
    </testcase>
    <testcase name="Spies, Stubs, and Clock cy.stub() matches depending on arguments" time="0.1130" classname="cy.stub() matches depending on arguments">
    </testcase>
    <testcase name="Spies, Stubs, and Clock matches call arguments using Sinon matchers" time="0.1690" classname="matches call arguments using Sinon matchers">
    </testcase>
  </testsuite>
</testsuites>