<?xml version="1.0" encoding="UTF-8"?>
<testsuites name="Mocha Tests" time="0.5290" tests="1" failures="1">
  <testsuite name="Root Suite" timestamp="2022-08-08T20:57:54" tests="1" file="cypress/integration/firstTest.spec.js" time="0.5230" failures="1">
    <testcase name="then and wrap methods" time="0.0000" classname="then and wrap methods">
      <failure message="&quot;Basic form&quot;.find is not a function" type="TypeError"><![CDATA[TypeError: "Basic form".find is not a function
    at Context.eval (http://localhost:4200/__cypress/tests?p=cypress/integration/firstTest.spec.js:158:39)]]></failure>
    </testcase>
  </testsuite>
</testsuites>