<?xml version="1.0" encoding="UTF-8"?>
<testsuites name="Mocha Tests" time="5.7770" tests="12" failures="1">
  <testsuite name="Root Suite" timestamp="2022-06-24T12:57:26" tests="0" file="cypress/integration/2-advanced-examples/cypress_api.spec.js" time="0.0000" failures="0">
  </testsuite>
  <testsuite name="Cypress.Commands" timestamp="2022-06-24T12:57:26" tests="1" time="2.1490" failures="0">
    <testcase name="Cypress.Commands .add() - create a custom command" time="0.5670" classname=".add() - create a custom command">
    </testcase>
  </testsuite>
  <testsuite name="Cypress.Cookies" timestamp="2022-06-24T12:57:29" tests="3" time="0.8210" failures="0">
    <testcase name="Cypress.Cookies .debug() - enable or disable debugging" time="0.2450" classname=".debug() - enable or disable debugging">
    </testcase>
    <testcase name="Cypress.Cookies .preserveOnce() - preserve cookies by key" time="0.3220" classname=".preserveOnce() - preserve cookies by key">
    </testcase>
    <testcase name="Cypress.Cookies .defaults() - set defaults for all cookies" time="0.2110" classname=".defaults() - set defaults for all cookies">
    </testcase>
  </testsuite>
  <testsuite name="Cypress.arch" timestamp="2022-06-24T12:57:29" tests="1" time="0.2140" failures="0">
    <testcase name="Cypress.arch Get CPU architecture name of underlying OS" time="0.2200" classname="Get CPU architecture name of underlying OS">
    </testcase>
  </testsuite>
  <testsuite name="Cypress.config()" timestamp="2022-06-24T12:57:30" tests="1" time="0.9300" failures="1">
    <testcase name="Cypress.config() Get and set configuration options" time="0.0000" classname="Get and set configuration options">
      <failure message="expected { Object (baseUrl, ignoreTestFiles, ...) } to have property &apos;baseUrl&apos; of null, but got &apos;https://serviceportal.hamburg.de/HamburgGateway/FVP/FV/Bezirke/DigiTermin/&apos;" type="AssertionError"><![CDATA[AssertionError: expected { Object (baseUrl, ignoreTestFiles, ...) } to have property 'baseUrl' of null, but got 'https://serviceportal.hamburg.de/HamburgGateway/FVP/FV/Bezirke/DigiTermin/'
    at Context.eval (https://example.cypress.io/__cypress/tests?p=cypress/integration/2-advanced-examples/cypress_api.spec.js:172:30)]]></failure>
    </testcase>
  </testsuite>
  <testsuite name="Cypress.dom" timestamp="2022-06-24T12:57:31" tests="1" time="0.2940" failures="0">
    <testcase name="Cypress.dom .isHidden() - determine if a DOM element is hidden" time="0.2170" classname=".isHidden() - determine if a DOM element is hidden">
    </testcase>
  </testsuite>
  <testsuite name="Cypress.env()" timestamp="2022-06-24T12:57:31" tests="1" time="0.2820" failures="0">
    <testcase name="Cypress.env() Get environment variables" time="0.2090" classname="Get environment variables">
    </testcase>
  </testsuite>
  <testsuite name="Cypress.log" timestamp="2022-06-24T12:57:31" tests="1" time="0.3470" failures="0">
    <testcase name="Cypress.log Control what is printed to the Command Log" time="0.3500" classname="Control what is printed to the Command Log">
    </testcase>
  </testsuite>
  <testsuite name="Cypress.platform" timestamp="2022-06-24T12:57:31" tests="1" time="0.2290" failures="0">
    <testcase name="Cypress.platform Get underlying OS name" time="0.2160" classname="Get underlying OS name">
    </testcase>
  </testsuite>
  <testsuite name="Cypress.version" timestamp="2022-06-24T12:57:32" tests="1" time="0.2860" failures="0">
    <testcase name="Cypress.version Get current version of Cypress being run" time="0.1800" classname="Get current version of Cypress being run">
    </testcase>
  </testsuite>
  <testsuite name="Cypress.spec" timestamp="2022-06-24T12:57:32" tests="1" time="0.1910" failures="0">
    <testcase name="Cypress.spec Get current spec information" time="0.1970" classname="Get current spec information">
    </testcase>
  </testsuite>
</testsuites>