<?xml version="1.0" encoding="UTF-8"?>
<testsuites name="Mocha Tests" time="25.7170" tests="1" failures="0">
  <testsuite name="Root Suite" timestamp="2022-06-01T08:53:44" tests="0" file="cypress/integration/firstTest.spec.js" time="0.0000" failures="0">
  </testsuite>
  <testsuite name="Our fisrt suite" timestamp="2022-06-01T08:53:44" tests="1" time="25.6730" failures="0">
    <testcase name="Our fisrt suite first test" time="24.9140" classname="first test">
    </testcase>
  </testsuite>
</testsuites>